{
  "RSpec": {
    "coverage": {
      "/home/adrien/Projects/airport_challenge_ruby/spec/airport_spec.rb": [
        1,
        null,
        1,
        null,
        7,
        5,
        null,
        1,
        1,
        1,
        3,
        null,
        null,
        1,
        1,
        null,
        null,
        1,
        1,
        1,
        null,
        null,
        1,
        1,
        1,
        20,
        null,
        2,
        null,
        null,
        null,
        null,
        1,
        1,
        1,
        2,
        null,
        null,
        null,
        null,
        1,
        null,
        1,
        1,
        null,
        null,
        1,
        1,
        1,
        1,
        1,
        null,
        null,
        null,
        null
      ],
      "/home/adrien/Projects/airport_challenge_ruby/lib/airport.rb": [
        1,
        null,
        1,
        null,
        1,
        11,
        11,
        null,
        null,
        1,
        49,
        47,
        45,
        null,
        null,
        1,
        3,
        null,
        null,
        1,
        null,
        1,
        49,
        null,
        null,
        1,
        0,
        null,
        null
      ],
      "/home/adrien/Projects/airport_challenge_ruby/spec/features/user_stories_spec.rb": [
        1,
        null,
        null,
        null,
        null,
        1,
        1,
        1,
        1,
        2,
        null,
        null,
        null,
        null,
        null,
        null,
        1,
        1,
        1,
        1,
        1,
        2,
        null,
        null,
        1,
        1,
        1,
        1,
        1,
        1,
        1,
        1,
        null,
        null,
        null,
        null,
        null,
        null,
        1,
        1,
        1,
        1,
        1,
        1,
        20,
        null,
        2,
        null,
        null,
        null,
        null,
        null,
        null,
        null,
        null,
        null,
        null,
        null,
        1,
        null,
        1,
        1,
        1,
        1,
        2,
        null,
        null,
        null,
        null,
        null
      ],
      "/home/adrien/Projects/airport_challenge_ruby/spec/plane_spec.rb": [
        1,
        null,
        1,
        null,
        null
      ],
      "/home/adrien/Projects/airport_challenge_ruby/lib/plane.rb": [
        1,
        null,
        null
      ]
    },
    "timestamp": 1554985111
  }
}
