{
  "RSpec": {
    "coverage": {
      "/home/adrien/Projects/airport_challenge_ruby/spec/airport_spec.rb": [
        1,
        null,
        1,
        null,
        9,
        7,
        9,
        null,
        null,
        1,
        1,
        1,
        3,
        null,
        null,
        1,
        1,
        null,
        null,
        1,
        1,
        1,
        null,
        null,
        1,
        1,
        1,
        20,
        null,
        2,
        null,
        null,
        null,
        null,
        1,
        1,
        1,
        2,
        null,
        null,
        null,
        null,
        1,
        1,
        1,
        3,
        null,
        null,
        1,
        1,
        null,
        null,
        1,
        1,
        1,
        1,
        1,
        null,
        null,
        1,
        1,
        1,
        2,
        null,
        null,
        1,
        1,
        1,
        2,
        null,
        null,
        null,
        null,
        null,
        null
      ],
      "/home/adrien/Projects/airport_challenge_ruby/lib/airport.rb": [
        1,
        null,
        1,
        null,
        1,
        null,
        1,
        17,
        17,
        17,
        null,
        null,
        1,
        51,
        49,
        47,
        null,
        null,
        1,
        7,
        5,
        3,
        null,
        null,
        1,
        null,
        1,
        51,
        null,
        null,
        1,
        55,
        null,
        null,
        1,
        5,
        null,
        null
      ],
      "/home/adrien/Projects/airport_challenge_ruby/lib/weather_reporter.rb": [
        1,
        null,
        1,
        2,
        null,
        null,
        null
      ],
      "/home/adrien/Projects/airport_challenge_ruby/spec/features/user_stories_spec.rb": [
        1,
        null,
        8,
        8,
        8,
        null,
        1,
        1,
        5,
        null,
        null,
        null,
        null,
        1,
        2,
        null,
        null,
        null,
        null,
        null,
        null,
        1,
        1,
        2,
        null,
        null,
        1,
        1,
        1,
        1,
        1,
        null,
        null,
        null,
        null,
        null,
        1,
        1,
        1,
        2,
        null,
        null,
        null,
        1,
        null,
        null,
        null,
        1,
        1,
        20,
        null,
        2,
        null,
        null,
        null,
        null,
        1,
        1,
        2,
        null,
        null,
        null,
        null,
        1,
        2,
        null,
        null,
        null,
        null,
        1,
        2,
        null,
        null,
        null,
        null,
        null
      ],
      "/home/adrien/Projects/airport_challenge_ruby/spec/plane_spec.rb": [
        1,
        null,
        1,
        null,
        null
      ],
      "/home/adrien/Projects/airport_challenge_ruby/lib/plane.rb": [
        1,
        null,
        null
      ],
      "/home/adrien/Projects/airport_challenge_ruby/spec/weather_reporter_spec.rb": [
        1,
        null,
        1,
        null,
        3,
        null,
        1,
        1,
        1,
        1,
        null,
        null,
        1,
        1,
        1,
        null,
        null,
        null,
        null
      ]
    },
    "timestamp": 1554989359
  }
}
